<?xml version="1.0" encoding="UTF-8"?>
<testng-results ignored="0" total="1" passed="1" failed="0" skipped="0">
  <reporter-output>
  </reporter-output>
  <suite started-at="2024-08-14T16:03:35 IST" name="Default suite" finished-at="2024-08-14T16:03:52 IST" duration-ms="17150">
    <groups>
    </groups>
    <test started-at="2024-08-14T16:03:35 IST" name="Default test" finished-at="2024-08-14T16:03:52 IST" duration-ms="17150">
      <class name="restassured_Abhay.status_copleted">
        <test-method signature="updatestatus()[pri:0, instance:restassured_Abhay.status_copleted@6b81ce95]" started-at="2024-08-14T16:03:35 IST" name="updatestatus" finished-at="2024-08-14T16:03:52 IST" duration-ms="17088" status="PASS">
          <reporter-output>
          </reporter-output>
        </test-method> <!-- updatestatus -->
      </class> <!-- restassured_Abhay.status_copleted -->
    </test> <!-- Default test -->
  </suite> <!-- Default suite -->
</testng-results>
